<?xml version="1.0" encoding="UTF-8"?>
<testng-results skipped="0" failed="0" ignored="0" total="2" passed="2">
  <reporter-output>
  </reporter-output>
  <suite name="Suite" duration-ms="49891" started-at="2019-12-03T17:23:23Z" finished-at="2019-12-03T17:24:12Z">
    <groups>
    </groups>
    <test name="Test" duration-ms="49891" started-at="2019-12-03T17:23:23Z" finished-at="2019-12-03T17:24:12Z">
      <class name="Day2.ActionsWithMouse">
        <test-method status="PASS" signature="setup()[pri:0, instance:Day2.ActionsWithMouse@2cb4c3ab]" name="setup" is-config="true" duration-ms="11619" started-at="2019-12-03T17:23:23Z" finished-at="2019-12-03T17:23:34Z">
          <reporter-output>
          </reporter-output>
        </test-method> <!-- setup -->
        <test-method status="PASS" signature="actionTest()[pri:0, instance:Day2.ActionsWithMouse@2cb4c3ab]" name="actionTest" duration-ms="18946" started-at="2019-12-03T17:23:34Z" finished-at="2019-12-03T17:23:53Z">
          <reporter-output>
          </reporter-output>
        </test-method> <!-- actionTest -->
        <test-method status="PASS" signature="tearDown()[pri:0, instance:Day2.ActionsWithMouse@2cb4c3ab]" name="tearDown" is-config="true" duration-ms="92" started-at="2019-12-03T17:23:53Z" finished-at="2019-12-03T17:23:53Z">
          <reporter-output>
          </reporter-output>
        </test-method> <!-- tearDown -->
        <test-method status="PASS" signature="setup()[pri:0, instance:Day2.ActionsWithMouse@2cb4c3ab]" name="setup" is-config="true" duration-ms="5269" started-at="2019-12-03T17:23:53Z" finished-at="2019-12-03T17:23:59Z">
          <reporter-output>
          </reporter-output>
        </test-method> <!-- setup -->
        <test-method status="PASS" signature="actionTest1()[pri:1, instance:Day2.ActionsWithMouse@2cb4c3ab]" name="actionTest1" duration-ms="13818" started-at="2019-12-03T17:23:59Z" finished-at="2019-12-03T17:24:12Z">
          <reporter-output>
          </reporter-output>
        </test-method> <!-- actionTest1 -->
        <test-method status="PASS" signature="tearDown()[pri:0, instance:Day2.ActionsWithMouse@2cb4c3ab]" name="tearDown" is-config="true" duration-ms="111" started-at="2019-12-03T17:24:12Z" finished-at="2019-12-03T17:24:12Z">
          <reporter-output>
          </reporter-output>
        </test-method> <!-- tearDown -->
      </class> <!-- Day2.ActionsWithMouse -->
    </test> <!-- Test -->
  </suite> <!-- Suite -->
</testng-results>
